[2024-11-23 14:54:05,311] {taskinstance.py:877} INFO - Dependencies all met for <TaskInstance: download_events.notify 2024-11-23T14:53:57.633146+00:00 [queued]>
[2024-11-23 14:54:05,323] {taskinstance.py:877} INFO - Dependencies all met for <TaskInstance: download_events.notify 2024-11-23T14:53:57.633146+00:00 [queued]>
[2024-11-23 14:54:05,323] {taskinstance.py:1068} INFO - 
--------------------------------------------------------------------------------
[2024-11-23 14:54:05,323] {taskinstance.py:1069} INFO - Starting attempt 1 of 1
[2024-11-23 14:54:05,323] {taskinstance.py:1070} INFO - 
--------------------------------------------------------------------------------
[2024-11-23 14:54:05,329] {taskinstance.py:1089} INFO - Executing <Task(BashOperator): notify> on 2024-11-23T14:53:57.633146+00:00
[2024-11-23 14:54:05,333] {standard_task_runner.py:52} INFO - Started process 59 to run task
[2024-11-23 14:54:05,335] {standard_task_runner.py:76} INFO - Running: ['airflow', 'tasks', 'run', 'download_events', 'notify', '2024-11-23T14:53:57.633146+00:00', '--job-id', '23', '--pool', 'default_pool', '--raw', '--subdir', 'DAGS_FOLDER/Download_images_events.py', '--cfg-path', '/tmp/tmpd0ui4eu7', '--error-file', '/tmp/tmpan56sn8z']
[2024-11-23 14:54:05,336] {standard_task_runner.py:77} INFO - Job 23: Subtask notify
[2024-11-23 14:54:05,368] {logging_mixin.py:104} INFO - Running <TaskInstance: download_events.notify 2024-11-23T14:53:57.633146+00:00 [running]> on host 2411326cb425
[2024-11-23 14:54:05,397] {taskinstance.py:1283} INFO - Exporting the following env vars:
AIRFLOW_CTX_DAG_OWNER=airflow
AIRFLOW_CTX_DAG_ID=download_events
AIRFLOW_CTX_TASK_ID=notify
AIRFLOW_CTX_EXECUTION_DATE=2024-11-23T14:53:57.633146+00:00
AIRFLOW_CTX_DAG_RUN_ID=manual__2024-11-23T14:53:57.633146+00:00
[2024-11-23 14:54:05,398] {bash.py:135} INFO - Tmp dir root location: 
 /tmp
[2024-11-23 14:54:05,398] {bash.py:158} INFO - Running command: echo "There are now $(ls /tmp/images/ | wc -l) images."
[2024-11-23 14:54:05,404] {bash.py:169} INFO - Output:
[2024-11-23 14:54:05,407] {bash.py:173} INFO - There are now 10 images.
[2024-11-23 14:54:05,407] {bash.py:177} INFO - Command exited with return code 0
[2024-11-23 14:54:05,429] {taskinstance.py:1192} INFO - Marking task as SUCCESS. dag_id=download_events, task_id=notify, execution_date=20241123T145357, start_date=20241123T145405, end_date=20241123T145405
[2024-11-23 14:54:05,450] {taskinstance.py:1246} INFO - 0 downstream tasks scheduled from follow-on schedule check
[2024-11-23 14:54:05,469] {local_task_job.py:146} INFO - Task exited with return code 0
